#
# A fatal error has been detected by the Java Runtime Environment:
#
#  SIGSEGV (0xb) at pc=0x0000000125d8c320, pid=29666, tid=3335
#
# JRE version: Java(TM) SE Runtime Environment (8.0_05-b13) (build 1.8.0_05-b13)
# Java VM: Java HotSpot(TM) 64-Bit Server VM (25.5-b02 mixed mode bsd-amd64 compressed oops)
# Problematic frame:
# C  [libjfxwebkit.dylib+0x3bc320]  Java_com_sun_webkit_dom_XPathResultImpl_getResultTypeImpl+0x88bb0
#
# Failed to write core dump. Core dumps have been disabled. To enable core dumping, try "ulimit -c unlimited" before starting Java again
#
# If you would like to submit a bug report, please visit:
#   http://bugreport.sun.com/bugreport/crash.jsp
# The crash happened outside the Java Virtual Machine in native code.
# See problematic frame for where to report the bug.
#

---------------  T H R E A D  ---------------

Current thread (0x00007faf6b893000):  JavaThread "JavaFX Application Thread" [_thread_in_native, id=3335, stack(0x00007fff565ba000,0x00007fff56dba000)]

siginfo:si_signo=SIGSEGV: si_errno=0, si_code=0 (SEGV0), si_addr=0x0000000000000000

Registers:
RAX=0x000000006c6e4c6a, RBX=0x4e6d4c7639476168, RCX=0x00007faf71646500, RDX=0x0000000036372635
RSP=0x00007fff56db5200, RBP=0x00007fff56db5240, RSI=0x4e6d4c7639476168, RDI=0x00007fff56db5250
R8 =0x00007faf6de83ce0, R9 =0x00007faf6dcd2120, R10=0x000000000608aabd, R11=0x0000000015bad8ec
R12=0x0000000036372635, R13=0x00007faf71646550, R14=0x00007fff56db5250, R15=0x4e6d4c763947616a
RIP=0x0000000125d8c320, EFLAGS=0x0000000000010207, ERR=0x0000000000000000
  TRAPNO=0x000000000000000d

Top of Stack: (sp=0x00007fff56db5200)
0x00007fff56db5200:   00707f01e43c6625 0000000100000003
0x00007fff56db5210:   000000006c6e4c6a 00007faf6de62650
0x00007fff56db5220:   00007faf71646550 00007faf71646550
0x00007fff56db5230:   00007faf6d7c8200 00007faf71646500
0x00007fff56db5240:   00007fff56db5260 0000000125d8c521
0x00007fff56db5250:   000000009e3779b9 0000000049480ebb
0x00007fff56db5260:   00007fff56db52e0 00000001260bcd0b
0x00007fff56db5270:   0000000000001003 00007faf71646500
0x00007fff56db5280:   00007fff56db5300 00007fff56db5300
0x00007fff56db5290:   0000001f00001003 00007faf6d7c8268
0x00007fff56db52a0:   00007faf71646500 0000000000000000
0x00007fff56db52b0:   00007faf6dc01220 00007faf6bdce000
0x00007fff56db52c0:   00007faf71646550 00007faf71646550
0x00007fff56db52d0:   00007faf6d7c8200 00007faf71646500
0x00007fff56db52e0:   00007fff56db5340 00000001261beb23
0x00007fff56db52f0:   00007faf6bc5da20 00007faf6d7c8268
0x00007fff56db5300:   00007faf6de627d0 00007faf6de62850
0x00007fff56db5310:   9d89d89d89d89e01 0000000000000007
0x00007fff56db5320:   00007faf6bdce000 00007faf6d7c8200
0x00007fff56db5330:   00007faf6bc5da20 00007faf6bdce000
0x00007fff56db5340:   00007fff56db5380 00000001261dfeab
0x00007fff56db5350:   0000000054732e31 00007faf6b57d270
0x00007fff56db5360:   00007faf702ab0c0 00007fff56db5568
0x00007fff56db5370:   00007faf6b579a70 00007faf6bc5d400
0x00007fff56db5380:   00007fff56db53c0 00000001261ee101
0x00007fff56db5390:   0000000000000080 0000000000000002
0x00007fff56db53a0:   00007faf702ab0c0 00007fff56db5568
0x00007fff56db53b0:   0000000000000000 0000000000000001
0x00007fff56db53c0:   00007fff56db5460 00000001261ee3de
0x00007fff56db53d0:   00007faf6dfe0860 0000000000000000
0x00007fff56db53e0:   00007fff56db53f0 00007faf0000000a
0x00007fff56db53f0:   00007faf6b57d200 00007faf706d86b0 

Instructions: (pc=0x0000000125d8c320)
0x0000000125d8c300:   89 fe 0f 86 dc 00 00 00 4c 8d 7b 02 d1 ea ff ca
0x0000000125d8c310:   48 8d 44 12 02 48 89 45 d0 48 ff c2 49 89 d4 90
0x0000000125d8c320:   41 0f b7 3f 83 ff 7f 77 15 40 88 f8 04 9f 3c 1a
0x0000000125d8c330:   b0 df 72 02 b0 ff 40 20 f8 0f be c0 eb 05 e8 dd 

Register to memory mapping:

RAX=0x000000006c6e4c6a is an unknown value
RBX=0x4e6d4c7639476168 is an unknown value
RCX=0x00007faf71646500 is an unknown value
RDX=0x0000000036372635 is an unknown value
RSP=0x00007fff56db5200 is pointing into the stack for thread: 0x00007faf6b893000
RBP=0x00007fff56db5240 is pointing into the stack for thread: 0x00007faf6b893000
RSI=0x4e6d4c7639476168 is an unknown value
RDI=0x00007fff56db5250 is pointing into the stack for thread: 0x00007faf6b893000
R8 =0x00007faf6de83ce0 is an unknown value
R9 =0x00007faf6dcd2120 is an unknown value
R10=0x000000000608aabd is an unknown value
R11=0x0000000015bad8ec is an unknown value
R12=0x0000000036372635 is an unknown value
R13=0x00007faf71646550 is an unknown value
R14=0x00007fff56db5250 is pointing into the stack for thread: 0x00007faf6b893000
R15=0x4e6d4c763947616a is an unknown value


Stack: [0x00007fff565ba000,0x00007fff56dba000],  sp=0x00007fff56db5200,  free space=8172k
Native frames: (J=compiled Java code, j=interpreted, Vv=VM code, C=native code)
C  [libjfxwebkit.dylib+0x3bc320]  Java_com_sun_webkit_dom_XPathResultImpl_getResultTypeImpl+0x88bb0
C  [libjfxwebkit.dylib+0x3bc521]  Java_com_sun_webkit_dom_XPathResultImpl_getResultTypeImpl+0x88db1
C  [libjfxwebkit.dylib+0x6ecd0b]  Java_com_sun_webkit_dom_EventListenerImpl_twkDispatchEvent+0x32e2bb
C  [libjfxwebkit.dylib+0x7eeb23]  Java_com_sun_webkit_dom_EventListenerImpl_twkDispatchEvent+0x4300d3
C  [libjfxwebkit.dylib+0x80feab]  Java_com_sun_webkit_dom_EventListenerImpl_twkDispatchEvent+0x45145b
C  [libjfxwebkit.dylib+0x81e101]  Java_com_sun_webkit_dom_EventListenerImpl_twkDispatchEvent+0x45f6b1
C  [libjfxwebkit.dylib+0x81e3de]  Java_com_sun_webkit_dom_EventListenerImpl_twkDispatchEvent+0x45f98e
C  [libjfxwebkit.dylib+0x80a7da]  Java_com_sun_webkit_dom_EventListenerImpl_twkDispatchEvent+0x44bd8a
C  [libjfxwebkit.dylib+0x84038f]  Java_com_sun_webkit_dom_EventListenerImpl_twkDispatchEvent+0x48193f
C  [libjfxwebkit.dylib+0x83fadd]  Java_com_sun_webkit_dom_EventListenerImpl_twkDispatchEvent+0x48108d
J 4263  com.sun.webkit.network.URLLoader.twkDidFinishLoading(J)V (0 bytes) @ 0x000000010b4e03b1 [0x000000010b4e0300+0xb1]
j  com.sun.webkit.network.URLLoader.notifyDidFinishLoading()V+44
J 4331 C1 com.sun.webkit.network.URLLoader$6.run()V (18 bytes) @ 0x000000010b527594 [0x000000010b527480+0x114]
J 2627 C1 com.sun.glass.ui.InvokeLaterDispatcher$Future.run()V (91 bytes) @ 0x000000010afbd18c [0x000000010afbd080+0x10c]
v  ~StubRoutines::call_stub
V  [libjvm.dylib+0x2c5186]  JavaCalls::call_helper(JavaValue*, methodHandle*, JavaCallArguments*, Thread*)+0x6ae
V  [libjvm.dylib+0x2f9ff0]  jni_invoke_nonstatic(JNIEnv_*, JavaValue*, _jobject*, JNICallType, _jmethodID*, JNI_ArgumentPusher*, Thread*)+0x2fb
V  [libjvm.dylib+0x2ecc84]  jni_CallVoidMethod+0x16b
C  [libglass.dylib+0xaaa3]  -[GlassRunnable run]+0xa3
C  [Foundation+0x640de]  __NSThreadPerformPerform+0xe5
C  [CoreFoundation+0x7f8f1]  __CFRUNLOOP_IS_CALLING_OUT_TO_A_SOURCE0_PERFORM_FUNCTION__+0x11
C  [CoreFoundation+0x71062]  __CFRunLoopDoSources0+0xf2
C  [CoreFoundation+0x707ef]  __CFRunLoopRun+0x33f
C  [CoreFoundation+0x70275]  CFRunLoopRunSpecific+0x135
C  [HIToolbox+0x2ef0d]  RunCurrentEventLoopInMode+0xe2
C  [HIToolbox+0x2ecb7]  ReceiveNextEventCommon+0x1df
C  [HIToolbox+0x2eabc]  _BlockUntilNextEventMatchingListInModeWithFilter+0x41
C  [AppKit+0x2428e]  _DPSNextEvent+0x59a
C  [AppKit+0x238db]  -[NSApplication nextEventMatchingMask:untilDate:inMode:dequeue:]+0x7a
C  [AppKit+0x179cc]  -[NSApplication run]+0x229
C  [libglass.dylib+0xbfb5]  -[GlassApplication runLoop:]+0x6a5
C  [Foundation+0x640de]  __NSThreadPerformPerform+0xe5
C  [CoreFoundation+0x7f8f1]  __CFRUNLOOP_IS_CALLING_OUT_TO_A_SOURCE0_PERFORM_FUNCTION__+0x11
C  [CoreFoundation+0x71062]  __CFRunLoopDoSources0+0xf2
C  [CoreFoundation+0x707ef]  __CFRunLoopRun+0x33f
C  [CoreFoundation+0x70275]  CFRunLoopRunSpecific+0x135
C  [java+0x56cb]  CreateExecutionEnvironment+0x367
C  [java+0x166c]  JLI_Launch+0x7a0
C  [java+0x7689]  main+0x65
C  [java+0xec4]  start+0x34

Java frames: (J=compiled Java code, j=interpreted, Vv=VM code)
J 4263  com.sun.webkit.network.URLLoader.twkDidFinishLoading(J)V (0 bytes) @ 0x000000010b4e0341 [0x000000010b4e0300+0x41]
j  com.sun.webkit.network.URLLoader.notifyDidFinishLoading()V+44
J 4331 C1 com.sun.webkit.network.URLLoader$6.run()V (18 bytes) @ 0x000000010b527594 [0x000000010b527480+0x114]
J 2627 C1 com.sun.glass.ui.InvokeLaterDispatcher$Future.run()V (91 bytes) @ 0x000000010afbd18c [0x000000010afbd080+0x10c]
v  ~StubRoutines::call_stub

---------------  P R O C E S S  ---------------

Java Threads: ( => current thread )
  0x00007faf6cf18800 JavaThread "Thread-139" daemon [_thread_blocked, id=25099, stack(0x000000012f678000,0x000000012f778000)]
  0x00007faf6b93a000 JavaThread "Thread-138" daemon [_thread_blocked, id=70199, stack(0x000000012fa36000,0x000000012fb36000)]
  0x00007faf6d3d2000 JavaThread "Thread-137" daemon [_thread_blocked, id=78631, stack(0x000000012f4a9000,0x000000012f5a9000)]
  0x00007faf6c37a800 JavaThread "Thread-28" daemon [_thread_in_native, id=68103, stack(0x0000000135904000,0x0000000135984000)]
  0x00007faf6c332800 JavaThread "URL-Loader-20" daemon [_thread_blocked, id=73219, stack(0x0000000134856000,0x0000000134956000)]
  0x00007faf6d31a800 JavaThread "URL-Loader-19" daemon [_thread_blocked, id=72195, stack(0x0000000134650000,0x0000000134750000)]
  0x00007faf6b874000 JavaThread "URL-Loader-18" daemon [_thread_blocked, id=71171, stack(0x000000013444a000,0x000000013454a000)]
  0x00007faf6d0f8000 JavaThread "URL-Loader-17" daemon [_thread_blocked, id=69635, stack(0x0000000131e77000,0x0000000131f77000)]
  0x00007faf6c8db000 JavaThread "URL-Loader-16" daemon [_thread_blocked, id=68611, stack(0x0000000130fd4000,0x00000001310d4000)]
  0x00007faf6c8d8000 JavaThread "URL-Loader-15" daemon [_thread_blocked, id=67075, stack(0x0000000131aee000,0x0000000131bee000)]
  0x00007faf6c8d7800 JavaThread "URL-Loader-14" daemon [_thread_blocked, id=66563, stack(0x00000001319eb000,0x0000000131aeb000)]
  0x00007faf6c8d6800 JavaThread "URL-Loader-13" daemon [_thread_blocked, id=66051, stack(0x00000001318e8000,0x00000001319e8000)]
  0x00007faf6cba1800 JavaThread "URL-Loader-12" daemon [_thread_blocked, id=65539, stack(0x00000001317e5000,0x00000001318e5000)]
  0x00007faf6cba1000 JavaThread "URL-Loader-11" daemon [_thread_blocked, id=65027, stack(0x00000001316e2000,0x00000001317e2000)]
  0x00007faf6cba0000 JavaThread "URL-Loader-10" daemon [_thread_blocked, id=64515, stack(0x00000001315df000,0x00000001316df000)]
  0x00007faf6cac8000 JavaThread "URL-Loader-9" daemon [_thread_blocked, id=64003, stack(0x00000001314dc000,0x00000001315dc000)]
  0x00007faf6d146800 JavaThread "URL-Loader-8" daemon [_thread_blocked, id=63491, stack(0x0000000130926000,0x0000000130a26000)]
  0x00007faf6c1cb000 JavaThread "URL-Loader-7" daemon [_thread_blocked, id=62979, stack(0x0000000130823000,0x0000000130923000)]
  0x00007faf6bba5800 JavaThread "URL-Loader-6" daemon [_thread_blocked, id=62471, stack(0x0000000130679000,0x0000000130779000)]
  0x00007faf6d1d7800 JavaThread "Keep-Alive-Timer" daemon [_thread_blocked, id=62215, stack(0x0000000130373000,0x0000000130473000)]
  0x00007faf6d1ed800 JavaThread "URL-Loader-5" daemon [_thread_blocked, id=61443, stack(0x000000012f2aa000,0x000000012f3aa000)]
  0x00007faf6d1df800 JavaThread "URL-Loader-4" daemon [_thread_blocked, id=60935, stack(0x000000012f1a7000,0x000000012f2a7000)]
  0x00007faf6bb2f800 JavaThread "URL-Loader-3" daemon [_thread_blocked, id=60163, stack(0x000000012f0a4000,0x000000012f1a4000)]
  0x00007faf6c24a000 JavaThread "URL-Loader-2" daemon [_thread_blocked, id=59651, stack(0x000000012efa1000,0x000000012f0a1000)]
  0x00007faf6c20f000 JavaThread "Watchdog-Timer-1" daemon [_thread_blocked, id=59155, stack(0x000000012edf1000,0x000000012eef1000)]
  0x00007faf6ba9e800 JavaThread "Prism Font Disposer" daemon [_thread_blocked, id=50707, stack(0x0000000128fcb000,0x00000001290cb000)]
  0x00007faf6b97b000 JavaThread "URL-Loader-1" daemon [_thread_blocked, id=48899, stack(0x0000000127a8c000,0x0000000127b8c000)]
  0x00007faf6b97a800 JavaThread "Disposer" daemon [_thread_blocked, id=48387, stack(0x00000001278d1000,0x00000001279d1000)]
  0x00007faf6d0b0000 JavaThread "JavaFX-Launcher" [_thread_blocked, id=47619, stack(0x00000001258ce000,0x00000001259ce000)]
  0x00007faf6b8a6000 JavaThread "Thread-3" daemon [_thread_in_native, id=34819, stack(0x00000001246f5000,0x0000000124775000)]
=>0x00007faf6b893000 JavaThread "JavaFX Application Thread" [_thread_in_native, id=3335, stack(0x00007fff565ba000,0x00007fff56dba000)]
  0x00007faf6c05e800 JavaThread "Thread-1" daemon [_thread_blocked, id=25647, stack(0x0000000121aad000,0x0000000121bad000)]
  0x00007faf6c047000 JavaThread "QuantumRenderer-0" daemon [_thread_blocked, id=20995, stack(0x0000000121042000,0x0000000121142000)]
  0x00007faf6d023800 JavaThread "Service Thread" daemon [_thread_blocked, id=19971, stack(0x0000000120d50000,0x0000000120e50000)]
  0x00007faf6d022800 JavaThread "C1 CompilerThread2" daemon [_thread_blocked, id=19459, stack(0x0000000120c4d000,0x0000000120d4d000)]
  0x00007faf6c813800 JavaThread "C2 CompilerThread1" daemon [_thread_blocked, id=18947, stack(0x0000000120b4a000,0x0000000120c4a000)]
  0x00007faf6d007000 JavaThread "C2 CompilerThread0" daemon [_thread_blocked, id=18435, stack(0x0000000120a47000,0x0000000120b47000)]
  0x00007faf6d001000 JavaThread "Signal Dispatcher" daemon [_thread_blocked, id=17923, stack(0x0000000120944000,0x0000000120a44000)]
  0x00007faf6b83c800 JavaThread "Finalizer" daemon [_thread_blocked, id=13059, stack(0x0000000120702000,0x0000000120802000)]
  0x00007faf6b810000 JavaThread "Reference Handler" daemon [_thread_blocked, id=12547, stack(0x00000001205ff000,0x00000001206ff000)]
  0x00007faf6c800000 JavaThread "main" [_thread_blocked, id=6915, stack(0x0000000109e4d000,0x0000000109f4d000)]

Other Threads:
  0x00007faf6c021000 VMThread [stack: 0x00000001204fc000,0x00000001205fc000] [id=12035]
  0x00007faf6c02b000 WatcherThread [stack: 0x0000000120e53000,0x0000000120f53000] [id=20483]

VM state:not at safepoint (normal execution)

VM Mutex/Monitor currently owned by a thread: None

Heap:
 PSYoungGen      total 101888K, used 68777K [0x0000000795580000, 0x000000079cd00000, 0x00000007c0000000)
  eden space 96768K, 71% used [0x0000000795580000,0x00000007998aa730,0x000000079b400000)
  from space 5120K, 0% used [0x000000079be00000,0x000000079be00000,0x000000079c300000)
  to   space 10240K, 0% used [0x000000079b400000,0x000000079b400000,0x000000079be00000)
 ParOldGen       total 33792K, used 25891K [0x0000000740000000, 0x0000000742100000, 0x0000000795580000)
  object space 33792K, 76% used [0x0000000740000000,0x0000000741948fb8,0x0000000742100000)
 Metaspace       used 22248K, capacity 22486K, committed 22912K, reserved 1069056K
  class space    used 3021K, capacity 3090K, committed 3200K, reserved 1048576K

Card table byte_map: [0x0000000119bc0000,0x0000000119fc1000] byte_map_base: 0x00000001161c0000

Marking Bits: (ParMarkBitMap*) 0x00000001097dc0a0
 Begin Bits: [0x000000011a678000, 0x000000011c678000)
 End Bits:   [0x000000011c678000, 0x000000011e678000)

Polling page: 0x0000000109f91000

CodeCache: size=245760Kb used=14187Kb max_used=14190Kb free=231572Kb
 bounds [0x000000010a800000, 0x000000010b5f0000, 0x0000000119800000]
 total_blobs=5257 nmethods=4529 adapters=641
 compilation: enabled

Compilation events (10 events):
Event: 23.117 Thread 0x00007faf6d022800 4525  s    3       sun.net.www.MessageHeader::getHeaders (6 bytes)
Event: 23.118 Thread 0x00007faf6d022800 nmethod 4525 0x000000010b5defd0 code [0x000000010b5df140, 0x000000010b5df648]
Event: 23.119 Thread 0x00007faf6d022800 4526       3       java.util.GregorianCalendar::getMaximum (126 bytes)
Event: 23.120 Thread 0x00007faf6d022800 nmethod 4526 0x000000010b5de450 code [0x000000010b5de640, 0x000000010b5deca8]
Event: 23.120 Thread 0x00007faf6d022800 4527       3       java.util.GregorianCalendar::computeTime (970 bytes)
Event: 23.129 Thread 0x00007faf6d022800 nmethod 4527 0x000000010b5df790 code [0x000000010b5dfe80, 0x000000010b5e5648]
Event: 23.186 Thread 0x00007faf6c813800 4528       4       com.sun.javafx.sg.prism.NGDefaultCamera::validate (71 bytes)
Event: 23.192 Thread 0x00007faf6c813800 nmethod 4528 0x000000010b5db110 code [0x000000010b5db2e0, 0x000000010b5db598]
Event: 23.233 Thread 0x00007faf6d022800 4529       3       java.lang.RuntimeException::<init> (6 bytes)
Event: 23.234 Thread 0x00007faf6d022800 nmethod 4529 0x000000010b5ddfd0 code [0x000000010b5de140, 0x000000010b5de308]

GC Heap History (10 events):
Event: 3.138 GC heap before
{Heap before GC invocations=17 (full 0):
 PSYoungGen      total 53760K, used 51933K [0x0000000795580000, 0x0000000798c00000, 0x00000007c0000000)
  eden space 51712K, 99% used [0x0000000795580000,0x00000007987f1108,0x0000000798800000)
  from space 2048K, 13% used [0x0000000798a00000,0x0000000798a466d0,0x0000000798c00000)
  to   space 2048K, 0% used [0x0000000798800000,0x0000000798800000,0x0000000798a00000)
 ParOldGen       total 129536K, used 3329K [0x0000000740000000, 0x0000000747e80000, 0x0000000795580000)
  object space 129536K, 2% used [0x0000000740000000,0x0000000740340578,0x0000000747e80000)
 Metaspace       used 11736K, capacity 11872K, committed 12032K, reserved 1058816K
  class space    used 1637K, capacity 1685K, committed 1792K, reserved 1048576K
Event: 3.141 GC heap after
Heap after GC invocations=17 (full 0):
 PSYoungGen      total 53760K, used 324K [0x0000000795580000, 0x000000079a080000, 0x00000007c0000000)
  eden space 51712K, 0% used [0x0000000795580000,0x0000000795580000,0x0000000798800000)
  from space 2048K, 15% used [0x0000000798800000,0x0000000798851110,0x0000000798a00000)
  to   space 2048K, 0% used [0x0000000799e80000,0x0000000799e80000,0x000000079a080000)
 ParOldGen       total 129536K, used 3329K [0x0000000740000000, 0x0000000747e80000, 0x0000000795580000)
  object space 129536K, 2% used [0x0000000740000000,0x0000000740340578,0x0000000747e80000)
 Metaspace       used 11736K, capacity 11872K, committed 12032K, reserved 1058816K
  class space    used 1637K, capacity 1685K, committed 1792K, reserved 1048576K
}
Event: 3.158 GC heap before
{Heap before GC invocations=18 (full 0):
 PSYoungGen      total 53760K, used 52036K [0x0000000795580000, 0x000000079a080000, 0x00000007c0000000)
  eden space 51712K, 100% used [0x0000000795580000,0x0000000798800000,0x0000000798800000)
  from space 2048K, 15% used [0x0000000798800000,0x0000000798851110,0x0000000798a00000)
  to   space 2048K, 0% used [0x0000000799e80000,0x0000000799e80000,0x000000079a080000)
 ParOldGen       total 129536K, used 3329K [0x0000000740000000, 0x0000000747e80000, 0x0000000795580000)
  object space 129536K, 2% used [0x0000000740000000,0x0000000740340578,0x0000000747e80000)
 Metaspace       used 11808K, capacity 11968K, committed 12288K, reserved 1060864K
  class space    used 1645K, capacity 1717K, committed 1792K, reserved 1048576K
Event: 3.169 GC heap after
Heap after GC invocations=18 (full 0):
 PSYoungGen      total 74752K, used 281K [0x0000000795580000, 0x000000079a080000, 0x00000007c0000000)
  eden space 72704K, 0% used [0x0000000795580000,0x0000000795580000,0x0000000799c80000)
  from space 2048K, 13% used [0x0000000799e80000,0x0000000799ec6408,0x000000079a080000)
  to   space 2048K, 0% used [0x0000000799c80000,0x0000000799c80000,0x0000000799e80000)
 ParOldGen       total 129536K, used 3377K [0x0000000740000000, 0x0000000747e80000, 0x0000000795580000)
  object space 129536K, 2% used [0x0000000740000000,0x000000074034c578,0x0000000747e80000)
 Metaspace       used 11808K, capacity 11968K, committed 12288K, reserved 1060864K
  class space    used 1645K, capacity 1717K, committed 1792K, reserved 1048576K
}
Event: 5.817 GC heap before
{Heap before GC invocations=19 (full 0):
 PSYoungGen      total 74752K, used 72985K [0x0000000795580000, 0x000000079a080000, 0x00000007c0000000)
  eden space 72704K, 100% used [0x0000000795580000,0x0000000799c80000,0x0000000799c80000)
  from space 2048K, 13% used [0x0000000799e80000,0x0000000799ec6408,0x000000079a080000)
  to   space 2048K, 0% used [0x0000000799c80000,0x0000000799c80000,0x0000000799e80000)
 ParOldGen       total 129536K, used 3418K [0x0000000740000000, 0x0000000747e80000, 0x0000000795580000)
  object space 129536K, 2% used [0x0000000740000000,0x0000000740356bf0,0x0000000747e80000)
 Metaspace       used 16775K, capacity 16896K, committed 17152K, reserved 1064960K
  class space    used 2502K, capacity 2549K, committed 2560K, reserved 1048576K
Event: 5.828 GC heap after
Heap after GC invocations=19 (full 0):
 PSYoungGen      total 74752K, used 2020K [0x0000000795580000, 0x000000079c300000, 0x00000007c0000000)
  eden space 72704K, 0% used [0x0000000795580000,0x0000000795580000,0x0000000799c80000)
  from space 2048K, 98% used [0x0000000799c80000,0x0000000799e790f8,0x0000000799e80000)
  to   space 5120K, 0% used [0x000000079be00000,0x000000079be00000,0x000000079c300000)
 ParOldGen       total 129536K, used 11471K [0x0000000740000000, 0x0000000747e80000, 0x0000000795580000)
  object space 129536K, 8% used [0x0000000740000000,0x0000000740b33f20,0x0000000747e80000)
 Metaspace       used 16775K, capacity 16896K, committed 17152K, reserved 1064960K
  class space    used 2502K, capacity 2549K, committed 2560K, reserved 1048576K
}
Event: 11.308 GC heap before
{Heap before GC invocations=20 (full 0):
 PSYoungGen      total 74752K, used 73165K [0x0000000795580000, 0x000000079c300000, 0x00000007c0000000)
  eden space 72704K, 97% used [0x0000000795580000,0x0000000799afa558,0x0000000799c80000)
  from space 2048K, 98% used [0x0000000799c80000,0x0000000799e790f8,0x0000000799e80000)
  to   space 5120K, 0% used [0x000000079be00000,0x000000079be00000,0x000000079c300000)
 ParOldGen       total 129536K, used 11471K [0x0000000740000000, 0x0000000747e80000, 0x0000000795580000)
  object space 129536K, 8% used [0x0000000740000000,0x0000000740b33f20,0x0000000747e80000)
 Metaspace       used 20901K, capacity 21058K, committed 21248K, reserved 1067008K
  class space    used 2894K, capacity 2956K, committed 3072K, reserved 1048576K
Event: 11.335 GC heap after
Heap after GC invocations=20 (full 0):
 PSYoungGen      total 101888K, used 5108K [0x0000000795580000, 0x000000079cd00000, 0x00000007c0000000)
  eden space 96768K, 0% used [0x0000000795580000,0x0000000795580000,0x000000079b400000)
  from space 5120K, 99% used [0x000000079be00000,0x000000079c2fd2a8,0x000000079c300000)
  to   space 10240K, 0% used [0x000000079b400000,0x000000079b400000,0x000000079be00000)
 ParOldGen       total 129536K, used 21970K [0x0000000740000000, 0x0000000747e80000, 0x0000000795580000)
  object space 129536K, 16% used [0x0000000740000000,0x0000000741574b38,0x0000000747e80000)
 Metaspace       used 20901K, capacity 21058K, committed 21248K, reserved 1067008K
  class space    used 2894K, capacity 2956K, committed 3072K, reserved 1048576K
}
Event: 11.335 GC heap before
{Heap before GC invocations=21 (full 1):
 PSYoungGen      total 101888K, used 5108K [0x0000000795580000, 0x000000079cd00000, 0x00000007c0000000)
  eden space 96768K, 0% used [0x0000000795580000,0x0000000795580000,0x000000079b400000)
  from space 5120K, 99% used [0x000000079be00000,0x000000079c2fd2a8,0x000000079c300000)
  to   space 10240K, 0% used [0x000000079b400000,0x000000079b400000,0x000000079be00000)
 ParOldGen       total 129536K, used 21970K [0x0000000740000000, 0x0000000747e80000, 0x0000000795580000)
  object space 129536K, 16% used [0x0000000740000000,0x0000000741574b38,0x0000000747e80000)
 Metaspace       used 20901K, capacity 21058K, committed 21248K, reserved 1067008K
  class space    used 2894K, capacity 2956K, committed 3072K, reserved 1048576K
Event: 11.486 GC heap after
Heap after GC invocations=21 (full 1):
 PSYoungGen      total 101888K, used 0K [0x0000000795580000, 0x000000079cd00000, 0x00000007c0000000)
  eden space 96768K, 0% used [0x0000000795580000,0x0000000795580000,0x000000079b400000)
  from space 5120K, 0% used [0x000000079be00000,0x000000079be00000,0x000000079c300000)
  to   space 10240K, 0% used [0x000000079b400000,0x000000079b400000,0x000000079be00000)
 ParOldGen       total 33792K, used 25891K [0x0000000740000000, 0x0000000742100000, 0x0000000795580000)
  object space 33792K, 76% used [0x0000000740000000,0x0000000741948fb8,0x0000000742100000)
 Metaspace       used 20898K, capacity 21052K, committed 21248K, reserved 1067008K
  class space    used 2893K, capacity 2955K, committed 3072K, reserved 1048576K
}

Deoptimization events (10 events):
Event: 20.243 Thread 0x00007faf6b893000 Uncommon trap: reason=class_check action=maybe_recompile pc=0x000000010b5072e0 method=javafx.scene.Node.isVisible()Z @ 15
Event: 20.410 Thread 0x00007faf6c047000 Uncommon trap: reason=class_check action=maybe_recompile pc=0x000000010b5591d0 method=com.sun.prism.impl.ps.BaseShaderContext.validatePaintOp(Lcom/sun/prism/impl/ps/BaseShaderGraphics;Lcom/sun/javafx/geom/transform/BaseTransform;Lcom/sun/prism/impl/ps/Bas
Event: 20.410 Thread 0x00007faf6c047000 Uncommon trap: reason=class_check action=maybe_recompile pc=0x000000010b5591d0 method=com.sun.prism.impl.ps.BaseShaderContext.validatePaintOp(Lcom/sun/prism/impl/ps/BaseShaderGraphics;Lcom/sun/javafx/geom/transform/BaseTransform;Lcom/sun/prism/impl/ps/Bas
Event: 20.414 Thread 0x00007faf6c047000 Uncommon trap: reason=class_check action=maybe_recompile pc=0x000000010b5591d0 method=com.sun.prism.impl.ps.BaseShaderContext.validatePaintOp(Lcom/sun/prism/impl/ps/BaseShaderGraphics;Lcom/sun/javafx/geom/transform/BaseTransform;Lcom/sun/prism/impl/ps/Bas
Event: 20.414 Thread 0x00007faf6c047000 Uncommon trap: reason=class_check action=maybe_recompile pc=0x000000010b5591d0 method=com.sun.prism.impl.ps.BaseShaderContext.validatePaintOp(Lcom/sun/prism/impl/ps/BaseShaderGraphics;Lcom/sun/javafx/geom/transform/BaseTransform;Lcom/sun/prism/impl/ps/Bas
Event: 20.446 Thread 0x00007faf6c047000 Uncommon trap: reason=class_check action=maybe_recompile pc=0x000000010b5575b0 method=com.sun.javafx.webkit.prism.WCGraphicsPrismContext$ContextState.apply(Lcom/sun/prism/Graphics;)V @ 5
Event: 20.446 Thread 0x00007faf6c047000 Uncommon trap: reason=class_check action=maybe_recompile pc=0x000000010b557610 method=com.sun.javafx.webkit.prism.WCGraphicsPrismContext.getGraphics(Z)Lcom/sun/prism/Graphics; @ 98
Event: 20.446 Thread 0x00007faf6c047000 Uncommon trap: reason=class_check action=maybe_recompile pc=0x000000010b557610 method=com.sun.javafx.webkit.prism.WCGraphicsPrismContext.getGraphics(Z)Lcom/sun/prism/Graphics; @ 98
Event: 20.446 Thread 0x00007faf6c047000 Uncommon trap: reason=class_check action=maybe_recompile pc=0x000000010b557610 method=com.sun.javafx.webkit.prism.WCGraphicsPrismContext.getGraphics(Z)Lcom/sun/prism/Graphics; @ 98
Event: 20.446 Thread 0x00007faf6c047000 Uncommon trap: reason=class_check action=maybe_recompile pc=0x000000010b557610 method=com.sun.javafx.webkit.prism.WCGraphicsPrismContext.getGraphics(Z)Lcom/sun/prism/Graphics; @ 98

Internal exceptions (10 events):
Event: 20.345 Thread 0x00007faf6b893000 Exception <a 'java/security/PrivilegedActionException'> (0x0000000798ae3948) thrown at [/HUDSON/workspace/8-2-build-macosx-x86_64/jdk8u5/2488/hotspot/src/share/vm/prims/jvm.cpp, line 1248]
Event: 20.360 Thread 0x00007faf6b893000 Exception <a 'java/lang/ClassNotFoundException': sun/net/www/protocol/about/Handler> (0x0000000798ae6690) thrown at [/HUDSON/workspace/8-2-build-macosx-x86_64/jdk8u5/2488/hotspot/src/share/vm/classfile/systemDictionary.cpp, line 202]
Event: 20.360 Thread 0x00007faf6b893000 Exception <a 'java/security/PrivilegedActionException'> (0x0000000798ae7e80) thrown at [/HUDSON/workspace/8-2-build-macosx-x86_64/jdk8u5/2488/hotspot/src/share/vm/prims/jvm.cpp, line 1248]
Event: 20.360 Thread 0x00007faf6b893000 Exception <a 'java/security/PrivilegedActionException'> (0x0000000798ae8410) thrown at [/HUDSON/workspace/8-2-build-macosx-x86_64/jdk8u5/2488/hotspot/src/share/vm/prims/jvm.cpp, line 1248]
Event: 20.435 Thread 0x00007faf6b893000 Exception <a 'java/lang/ClassNotFoundException': sun/net/www/protocol/about/Handler> (0x0000000798bdd718) thrown at [/HUDSON/workspace/8-2-build-macosx-x86_64/jdk8u5/2488/hotspot/src/share/vm/classfile/systemDictionary.cpp, line 202]
Event: 20.435 Thread 0x00007faf6b893000 Exception <a 'java/security/PrivilegedActionException'> (0x0000000798bdef08) thrown at [/HUDSON/workspace/8-2-build-macosx-x86_64/jdk8u5/2488/hotspot/src/share/vm/prims/jvm.cpp, line 1248]
Event: 20.435 Thread 0x00007faf6b893000 Exception <a 'java/security/PrivilegedActionException'> (0x0000000798bdf498) thrown at [/HUDSON/workspace/8-2-build-macosx-x86_64/jdk8u5/2488/hotspot/src/share/vm/prims/jvm.cpp, line 1248]
Event: 20.938 Thread 0x00007faf6b893000 Exception <a 'java/lang/ClassNotFoundException': sun/net/www/protocol/about/Handler> (0x00000007990ecc10) thrown at [/HUDSON/workspace/8-2-build-macosx-x86_64/jdk8u5/2488/hotspot/src/share/vm/classfile/systemDictionary.cpp, line 202]
Event: 20.938 Thread 0x00007faf6b893000 Exception <a 'java/security/PrivilegedActionException'> (0x00000007990ee400) thrown at [/HUDSON/workspace/8-2-build-macosx-x86_64/jdk8u5/2488/hotspot/src/share/vm/prims/jvm.cpp, line 1248]
Event: 20.938 Thread 0x00007faf6b893000 Exception <a 'java/security/PrivilegedActionException'> (0x00000007990ee990) thrown at [/HUDSON/workspace/8-2-build-macosx-x86_64/jdk8u5/2488/hotspot/src/share/vm/prims/jvm.cpp, line 1248]

Events (10 events):
Event: 21.508 Thread 0x00007faf71eac800 Thread exited: 0x00007faf71eac800
Event: 21.580 Thread 0x00007faf71e33800 Thread exited: 0x00007faf71e33800
Event: 21.603 Thread 0x00007faf6b93b800 Thread exited: 0x00007faf6b93b800
Event: 21.931 Thread 0x00007faf6cddf000 Thread exited: 0x00007faf6cddf000
Event: 22.005 Thread 0x00007faf7200a800 Thread exited: 0x00007faf7200a800
Event: 22.359 Thread 0x00007faf6d16a800 Thread added: 0x00007faf6d16a800
Event: 22.361 Thread 0x00007faf6d16a800 Thread exited: 0x00007faf6d16a800
Event: 22.765 Thread 0x00007faf6d3d2000 Thread added: 0x00007faf6d3d2000
Event: 22.903 Thread 0x00007faf6b93a000 Thread added: 0x00007faf6b93a000
Event: 23.142 Thread 0x00007faf6cf18800 Thread added: 0x00007faf6cf18800


Dynamic libraries:
0x000000000c49f000 	/System/Library/Frameworks/Cocoa.framework/Versions/A/Cocoa
0x000000000c49f000 	/System/Library/Frameworks/Security.framework/Versions/A/Security
0x000000000c49f000 	/System/Library/Frameworks/ApplicationServices.framework/Versions/A/ApplicationServices
0x000000000c49f000 	/usr/lib/libz.1.dylib
0x000000000c49f000 	/usr/lib/libSystem.B.dylib
0x000000000c49f000 	/usr/lib/libobjc.A.dylib
0x000000000c49f000 	/System/Library/Frameworks/CoreFoundation.framework/Versions/A/CoreFoundation
0x000000000c49f000 	/System/Library/Frameworks/Foundation.framework/Versions/C/Foundation
0x000000000c49f000 	/System/Library/Frameworks/AppKit.framework/Versions/C/AppKit
0x000000000c49f000 	/System/Library/Frameworks/CoreData.framework/Versions/A/CoreData
0x000000000c49f000 	/System/Library/PrivateFrameworks/RemoteViewServices.framework/Versions/A/RemoteViewServices
0x000000000c49f000 	/System/Library/Frameworks/AudioToolbox.framework/Versions/A/AudioToolbox
0x000000000c49f000 	/System/Library/Frameworks/AudioUnit.framework/Versions/A/AudioUnit
0x000000000c49f000 	/System/Library/PrivateFrameworks/DataDetectorsCore.framework/Versions/A/DataDetectorsCore
0x000000000c49f000 	/System/Library/PrivateFrameworks/DesktopServicesPriv.framework/Versions/A/DesktopServicesPriv
0x000000000c49f000 	/System/Library/Frameworks/Carbon.framework/Versions/A/Frameworks/HIToolbox.framework/Versions/A/HIToolbox
0x000000000c49f000 	/System/Library/Frameworks/QuartzCore.framework/Versions/A/QuartzCore
0x000000000c49f000 	/System/Library/Frameworks/Carbon.framework/Versions/A/Frameworks/SpeechRecognition.framework/Versions/A/SpeechRecognition
0x000000000c49f000 	/usr/lib/libauto.dylib
0x000000000c49f000 	/usr/lib/libicucore.A.dylib
0x000000000c49f000 	/usr/lib/libxml2.2.dylib
0x000000000c49f000 	/System/Library/PrivateFrameworks/CoreUI.framework/Versions/A/CoreUI
0x000000000c49f000 	/System/Library/Frameworks/CoreAudio.framework/Versions/A/CoreAudio
0x000000000c49f000 	/System/Library/Frameworks/DiskArbitration.framework/Versions/A/DiskArbitration
0x000000000c49f000 	/usr/lib/liblangid.dylib
0x000000000c49f000 	/System/Library/PrivateFrameworks/MultitouchSupport.framework/Versions/A/MultitouchSupport
0x000000000c49f000 	/System/Library/Frameworks/IOKit.framework/Versions/A/IOKit
0x000000000c49f000 	/usr/lib/libDiagnosticMessagesClient.dylib
0x000000000c49f000 	/System/Library/Frameworks/CoreServices.framework/Versions/A/CoreServices
0x000000000c49f000 	/System/Library/PrivateFrameworks/PerformanceAnalysis.framework/Versions/A/PerformanceAnalysis
0x000000000c49f000 	/System/Library/PrivateFrameworks/GenerationalStorage.framework/Versions/A/GenerationalStorage
0x000000000c49f000 	/System/Library/Frameworks/OpenGL.framework/Versions/A/OpenGL
0x000000000c49f000 	/System/Library/PrivateFrameworks/Sharing.framework/Versions/A/Sharing
0x000000000c49f000 	/System/Library/Frameworks/ImageIO.framework/Versions/A/ImageIO
0x000000000c49f000 	/System/Library/Frameworks/CoreText.framework/Versions/A/CoreText
0x000000000c49f000 	/System/Library/Frameworks/CoreGraphics.framework/Versions/A/CoreGraphics
0x000000000c49f000 	/System/Library/PrivateFrameworks/Backup.framework/Versions/A/Backup
0x000000000c49f000 	/System/Library/Frameworks/CFNetwork.framework/Versions/A/CFNetwork
0x000000000c49f000 	/System/Library/Frameworks/SystemConfiguration.framework/Versions/A/SystemConfiguration
0x000000000c49f000 	/usr/lib/libCRFSuite.dylib
0x000000000c49f000 	/usr/lib/libc++.1.dylib
0x000000000c49f000 	/usr/lib/libc++abi.dylib
0x000000000c49f000 	/usr/lib/system/libcache.dylib
0x000000000c49f000 	/usr/lib/system/libcommonCrypto.dylib
0x000000000c49f000 	/usr/lib/system/libcompiler_rt.dylib
0x000000000c49f000 	/usr/lib/system/libcopyfile.dylib
0x000000000c49f000 	/usr/lib/system/libcorecrypto.dylib
0x000000000c49f000 	/usr/lib/system/libdispatch.dylib
0x000000000c49f000 	/usr/lib/system/libdyld.dylib
0x000000000c49f000 	/usr/lib/system/libkeymgr.dylib
0x000000000c49f000 	/usr/lib/system/liblaunch.dylib
0x000000000c49f000 	/usr/lib/system/libmacho.dylib
0x000000000c49f000 	/usr/lib/system/libquarantine.dylib
0x000000000c49f000 	/usr/lib/system/libremovefile.dylib
0x000000000c49f000 	/usr/lib/system/libsystem_asl.dylib
0x000000000c49f000 	/usr/lib/system/libsystem_blocks.dylib
0x000000000c49f000 	/usr/lib/system/libsystem_c.dylib
0x000000000c49f000 	/usr/lib/system/libsystem_configuration.dylib
0x000000000c49f000 	/usr/lib/system/libsystem_dnssd.dylib
0x000000000c49f000 	/usr/lib/system/libsystem_info.dylib
0x000000000c49f000 	/usr/lib/system/libsystem_kernel.dylib
0x000000000c49f000 	/usr/lib/system/libsystem_m.dylib
0x000000000c49f000 	/usr/lib/system/libsystem_malloc.dylib
0x000000000c49f000 	/usr/lib/system/libsystem_network.dylib
0x000000000c49f000 	/usr/lib/system/libsystem_notify.dylib
0x000000000c49f000 	/usr/lib/system/libsystem_platform.dylib
0x000000000c49f000 	/usr/lib/system/libsystem_pthread.dylib
0x000000000c49f000 	/usr/lib/system/libsystem_sandbox.dylib
0x000000000c49f000 	/usr/lib/system/libsystem_stats.dylib
0x000000000c49f000 	/usr/lib/system/libunc.dylib
0x000000000c49f000 	/usr/lib/system/libunwind.dylib
0x000000000c49f000 	/usr/lib/system/libxpc.dylib
0x000000000c49f000 	/usr/lib/libbsm.0.dylib
0x000000000c49f000 	/usr/lib/libsqlite3.dylib
0x000000000c49f000 	/usr/lib/libxar.1.dylib
0x000000000c49f000 	/usr/lib/libpam.2.dylib
0x000000000c49f000 	/usr/lib/libOpenScriptingUtil.dylib
0x000000000c49f000 	/usr/lib/libbz2.1.0.dylib
0x000000000c49f000 	/System/Library/Frameworks/CoreServices.framework/Versions/A/Frameworks/CarbonCore.framework/Versions/A/CarbonCore
0x000000000c49f000 	/System/Library/Frameworks/CoreServices.framework/Versions/A/Frameworks/Metadata.framework/Versions/A/Metadata
0x000000000c49f000 	/System/Library/Frameworks/CoreServices.framework/Versions/A/Frameworks/OSServices.framework/Versions/A/OSServices
0x000000000c49f000 	/System/Library/Frameworks/CoreServices.framework/Versions/A/Frameworks/SearchKit.framework/Versions/A/SearchKit
0x000000000c49f000 	/System/Library/Frameworks/CoreServices.framework/Versions/A/Frameworks/AE.framework/Versions/A/AE
0x000000000c49f000 	/System/Library/Frameworks/CoreServices.framework/Versions/A/Frameworks/LaunchServices.framework/Versions/A/LaunchServices
0x000000000c49f000 	/System/Library/Frameworks/CoreServices.framework/Versions/A/Frameworks/DictionaryServices.framework/Versions/A/DictionaryServices
0x000000000c49f000 	/System/Library/Frameworks/NetFS.framework/Versions/A/NetFS
0x000000000c49f000 	/usr/lib/system/libkxld.dylib
0x000000000c49f000 	/System/Library/PrivateFrameworks/NetAuth.framework/Versions/A/NetAuth
0x000000000c49f000 	/System/Library/PrivateFrameworks/TCC.framework/Versions/A/TCC
0x000000000c49f000 	/System/Library/Frameworks/OpenDirectory.framework/Versions/A/Frameworks/CFOpenDirectory.framework/Versions/A/CFOpenDirectory
0x000000000c49f000 	/System/Library/Frameworks/ServiceManagement.framework/Versions/A/ServiceManagement
0x000000000c49f000 	/usr/lib/libxslt.1.dylib
0x000000000c49f000 	/System/Library/Frameworks/Carbon.framework/Versions/A/Frameworks/Ink.framework/Versions/A/Ink
0x000000000c49f000 	/System/Library/Frameworks/ApplicationServices.framework/Versions/A/Frameworks/ATS.framework/Versions/A/ATS
0x000000000c49f000 	/System/Library/Frameworks/ApplicationServices.framework/Versions/A/Frameworks/ColorSync.framework/Versions/A/ColorSync
0x000000000c49f000 	/System/Library/Frameworks/ApplicationServices.framework/Versions/A/Frameworks/HIServices.framework/Versions/A/HIServices
0x000000000c49f000 	/System/Library/Frameworks/ApplicationServices.framework/Versions/A/Frameworks/LangAnalysis.framework/Versions/A/LangAnalysis
0x000000000c49f000 	/System/Library/Frameworks/ApplicationServices.framework/Versions/A/Frameworks/PrintCore.framework/Versions/A/PrintCore
0x000000000c49f000 	/System/Library/Frameworks/ApplicationServices.framework/Versions/A/Frameworks/QD.framework/Versions/A/QD
0x000000000c49f000 	/System/Library/Frameworks/ApplicationServices.framework/Versions/A/Frameworks/SpeechSynthesis.framework/Versions/A/SpeechSynthesis
0x000000000c49f000 	/System/Library/Frameworks/IOSurface.framework/Versions/A/IOSurface
0x000000000c49f000 	/System/Library/Frameworks/Accelerate.framework/Versions/A/Accelerate
0x000000000c49f000 	/System/Library/Frameworks/Accelerate.framework/Versions/A/Frameworks/vImage.framework/Versions/A/vImage
0x000000000c49f000 	/System/Library/Frameworks/Accelerate.framework/Versions/A/Frameworks/vecLib.framework/Versions/A/vecLib
0x000000000c49f000 	/System/Library/Frameworks/Accelerate.framework/Versions/A/Frameworks/vecLib.framework/Versions/A/libvDSP.dylib
0x000000000c49f000 	/System/Library/Frameworks/Accelerate.framework/Versions/A/Frameworks/vecLib.framework/Versions/A/libvMisc.dylib
0x000000000c49f000 	/System/Library/Frameworks/Accelerate.framework/Versions/A/Frameworks/vecLib.framework/Versions/A/libLAPACK.dylib
0x000000000c49f000 	/System/Library/Frameworks/Accelerate.framework/Versions/A/Frameworks/vecLib.framework/Versions/A/libBLAS.dylib
0x000000000c49f000 	/System/Library/Frameworks/ApplicationServices.framework/Versions/A/Frameworks/ATS.framework/Versions/A/Resources/libFontParser.dylib
0x000000000c49f000 	/System/Library/Frameworks/ApplicationServices.framework/Versions/A/Frameworks/ATS.framework/Versions/A/Resources/libFontRegistry.dylib
0x000000000c49f000 	/System/Library/Frameworks/ImageIO.framework/Versions/A/Resources/libJPEG.dylib
0x000000000c49f000 	/System/Library/Frameworks/ImageIO.framework/Versions/A/Resources/libTIFF.dylib
0x000000000c49f000 	/System/Library/Frameworks/ImageIO.framework/Versions/A/Resources/libPng.dylib
0x000000000c49f000 	/System/Library/Frameworks/ImageIO.framework/Versions/A/Resources/libGIF.dylib
0x000000000c49f000 	/System/Library/Frameworks/ImageIO.framework/Versions/A/Resources/libJP2.dylib
0x000000000c49f000 	/System/Library/Frameworks/ImageIO.framework/Versions/A/Resources/libRadiance.dylib
0x000000000c49f000 	/usr/lib/libcups.2.dylib
0x000000000c49f000 	/System/Library/Frameworks/Kerberos.framework/Versions/A/Kerberos
0x000000000c49f000 	/System/Library/Frameworks/GSS.framework/Versions/A/GSS
0x000000000c49f000 	/usr/lib/libresolv.9.dylib
0x000000000c49f000 	/usr/lib/libiconv.2.dylib
0x000000000c49f000 	/System/Library/PrivateFrameworks/Heimdal.framework/Versions/A/Heimdal
0x000000000c49f000 	/System/Library/PrivateFrameworks/TrustEvaluationAgent.framework/Versions/A/TrustEvaluationAgent
0x000000000c49f000 	/usr/lib/libheimdal-asn1.dylib
0x000000000c49f000 	/System/Library/Frameworks/OpenDirectory.framework/Versions/A/OpenDirectory
0x000000000c49f000 	/System/Library/PrivateFrameworks/CommonAuth.framework/Versions/A/CommonAuth
0x000000000c49f000 	/System/Library/Frameworks/SecurityFoundation.framework/Versions/A/SecurityFoundation
0x000000000c49f000 	/System/Library/PrivateFrameworks/Bom.framework/Versions/A/Bom
0x000000000c49f000 	/System/Library/Frameworks/CoreVideo.framework/Versions/A/CoreVideo
0x000000000c49f000 	/System/Library/Frameworks/QuartzCore.framework/Versions/A/Frameworks/CoreImage.framework/Versions/A/CoreImage
0x000000000c49f000 	/System/Library/Frameworks/QuartzCore.framework/Versions/A/Frameworks/ScalableUserInterface.framework/Versions/A/ScalableUserInterface
0x000000000c49f000 	/System/Library/Frameworks/OpenGL.framework/Versions/A/Libraries/libGLU.dylib
0x000000000c49f000 	/System/Library/Frameworks/OpenGL.framework/Versions/A/Libraries/libGFXShared.dylib
0x000000000c49f000 	/System/Library/Frameworks/OpenGL.framework/Versions/A/Libraries/libGL.dylib
0x000000000c49f000 	/System/Library/Frameworks/OpenGL.framework/Versions/A/Libraries/libGLImage.dylib
0x000000000c49f000 	/System/Library/Frameworks/OpenGL.framework/Versions/A/Libraries/libCVMSPluginSupport.dylib
0x000000000c49f000 	/System/Library/Frameworks/OpenGL.framework/Versions/A/Libraries/libCoreVMClient.dylib
0x000000000c49f000 	/System/Library/PrivateFrameworks/FaceCore.framework/Versions/A/FaceCore
0x000000000c49f000 	/System/Library/PrivateFrameworks/CrashReporterSupport.framework/Versions/A/CrashReporterSupport
0x000000000c49f000 	/System/Library/Frameworks/OpenCL.framework/Versions/A/OpenCL
0x000000000c49f000 	/System/Library/PrivateFrameworks/AppleFSCompression.framework/Versions/A/AppleFSCompression
0x000000000c49f000 	/System/Library/PrivateFrameworks/Ubiquity.framework/Versions/A/Ubiquity
0x000000000c49f000 	/System/Library/PrivateFrameworks/IconServices.framework/Versions/A/IconServices
0x000000000c49f000 	/System/Library/PrivateFrameworks/ChunkingLibrary.framework/Versions/A/ChunkingLibrary
0x000000000c49f000 	/System/Library/PrivateFrameworks/CoreSymbolication.framework/Versions/A/CoreSymbolication
0x000000000c49f000 	/System/Library/PrivateFrameworks/Symbolication.framework/Versions/A/Symbolication
0x000000000c49f000 	/System/Library/PrivateFrameworks/DebugSymbols.framework/Versions/A/DebugSymbols
0x0000000108f76000 	/Library/Java/JavaVirtualMachines/jdk1.8.0_05.jdk/Contents/Home/jre/lib/server/libjvm.dylib
0x000000000c49f000 	/usr/lib/libstdc++.6.dylib
0x0000000109f4f000 	/Library/Java/JavaVirtualMachines/jdk1.8.0_05.jdk/Contents/Home/jre/lib/libverify.dylib
0x0000000109f5d000 	/Library/Java/JavaVirtualMachines/jdk1.8.0_05.jdk/Contents/Home/jre/lib/libjava.dylib
0x0000000109f9b000 	/Library/Java/JavaVirtualMachines/jdk1.8.0_05.jdk/Contents/Home/jre/lib/libzip.dylib
0x0000000120804000 	/System/Library/Frameworks/JavaVM.framework/Frameworks/JavaRuntimeSupport.framework/JavaRuntimeSupport
0x000000012081c000 	/System/Library/Frameworks/JavaVM.framework/Versions/A/Frameworks/JavaNativeFoundation.framework/Versions/A/JavaNativeFoundation
0x0000000109fec000 	/System/Library/Frameworks/JavaVM.framework/Versions/A/JavaVM
0x000000000c49f000 	/System/Library/Frameworks/Carbon.framework/Versions/A/Carbon
0x0000000120831000 	/System/Library/PrivateFrameworks/JavaLaunching.framework/Versions/A/JavaLaunching
0x000000000c49f000 	/System/Library/Frameworks/Carbon.framework/Versions/A/Frameworks/CommonPanels.framework/Versions/A/CommonPanels
0x000000000c49f000 	/System/Library/Frameworks/Carbon.framework/Versions/A/Frameworks/Help.framework/Versions/A/Help
0x000000000c49f000 	/System/Library/Frameworks/Carbon.framework/Versions/A/Frameworks/ImageCapture.framework/Versions/A/ImageCapture
0x000000000c49f000 	/System/Library/Frameworks/Carbon.framework/Versions/A/Frameworks/OpenScripting.framework/Versions/A/OpenScripting
0x000000000c49f000 	/System/Library/Frameworks/Carbon.framework/Versions/A/Frameworks/Print.framework/Versions/A/Print
0x000000000c49f000 	/System/Library/Frameworks/Carbon.framework/Versions/A/Frameworks/SecurityHI.framework/Versions/A/SecurityHI
0x0000000121144000 	/Library/Java/JavaVirtualMachines/jdk1.8.0_05.jdk/Contents/Home/jre/lib/libprism_es2.dylib
0x000000000c49f000 	/System/Library/Frameworks/OpenGL.framework/Versions/A/Resources/GLEngine.bundle/GLEngine
0x000000000c49f000 	/System/Library/Frameworks/OpenGL.framework/Versions/A/Libraries/libGLProgrammability.dylib
0x0000000000000000 	/System/Library/Extensions/AppleIntelHD4000GraphicsGLDriver.bundle/Contents/MacOS/AppleIntelHD4000GraphicsGLDriver
0x000000000c49f000 	/System/Library/PrivateFrameworks/IOAccelerator.framework/Versions/A/IOAccelerator
0x000000000c49f000 	/System/Library/PrivateFrameworks/GPUSupport.framework/Versions/A/Libraries/libGPUSupportMercury.dylib
0x000000000c49f000 	/System/Library/Frameworks/OpenGL.framework/Versions/A/Resources/GLRendererFloat.bundle/GLRendererFloat
0x000000000c49f000 	/System/Library/Frameworks/OpenCL.framework/Versions/A/Libraries/libcldcpuengine.dylib
0x000000000c49f000 	/System/Library/PrivateFrameworks/DiskImages.framework/Versions/A/DiskImages
0x000000000c49f000 	/System/Library/Frameworks/DiscRecording.framework/Versions/A/DiscRecording
0x000000000c49f000 	/usr/lib/libcsfde.dylib
0x000000000c49f000 	/usr/lib/libcurl.4.dylib
0x000000000c49f000 	/System/Library/PrivateFrameworks/MediaKit.framework/Versions/A/MediaKit
0x000000000c49f000 	/usr/lib/libCoreStorage.dylib
0x000000000c49f000 	/System/Library/PrivateFrameworks/EFILogin.framework/Versions/A/EFILogin
0x000000000c49f000 	/usr/lib/libutil.dylib
0x000000000c49f000 	/System/Library/PrivateFrameworks/AOSNotification.framework/Versions/A/AOSNotification
0x000000000c49f000 	/System/Library/Frameworks/LDAP.framework/Versions/A/LDAP
0x000000000c49f000 	/usr/lib/libsasl2.2.dylib
0x000000000c49f000 	/usr/lib/libcrypto.0.9.8.dylib
0x000000000c49f000 	/usr/lib/libssl.0.9.8.dylib
0x0000000121a42000 	/Library/Java/JavaVirtualMachines/jdk1.8.0_05.jdk/Contents/Home/jre/lib/libglass.dylib
0x000000000c49f000 	/System/Library/PrivateFrameworks/CoreServicesInternal.framework/Versions/A/CoreServicesInternal
0x000000000c49f000 	/System/Library/PrivateFrameworks/Librarian.framework/Versions/A/Librarian
0x000000000c49f000 	/System/Library/CoreServices/RawCamera.bundle/Contents/MacOS/RawCamera
0x000000000c49f000 	/System/Library/Frameworks/CoreGraphics.framework/Versions/A/Resources/libCGCMS.A.dylib
0x000000000c49f000 	/System/Library/Frameworks/CoreGraphics.framework/Versions/A/Resources/libRIP.A.dylib
0x000000000c49f000 	/System/Library/PrivateFrameworks/FamilyControls.framework/Versions/A/FamilyControls
0x000000000c49f000 	/System/Library/PrivateFrameworks/CommerceKit.framework/Versions/A/Frameworks/CommerceCore.framework/Versions/A/CommerceCore
0x000000000c49f000 	/System/Library/PrivateFrameworks/SystemAdministration.framework/Versions/A/SystemAdministration
0x000000000c49f000 	/System/Library/Frameworks/DirectoryService.framework/Versions/A/DirectoryService
0x000000000c49f000 	/System/Library/PrivateFrameworks/LoginUIKit.framework/Versions/A/Frameworks/LoginUICore.framework/Versions/A/LoginUICore
0x000000000c49f000 	/usr/lib/libodfde.dylib
0x00000001259d0000 	/Library/Java/JavaVirtualMachines/jdk1.8.0_05.jdk/Contents/Home/jre/lib/libjfxwebkit.dylib
0x0000000127a1e000 	/Library/Java/JavaVirtualMachines/jdk1.8.0_05.jdk/Contents/Home/jre/lib/libnio.dylib
0x0000000127a2d000 	/Library/Java/JavaVirtualMachines/jdk1.8.0_05.jdk/Contents/Home/jre/lib/./libnet.dylib
0x00000001289fb000 	/Library/Java/JavaVirtualMachines/jdk1.8.0_05.jdk/Contents/Home/jre/lib/libjavafx_font.dylib
0x000000000c49f000 	/System/Library/Frameworks/CoreGraphics.framework/Versions/A/Resources/libCGXType.A.dylib
0x000000012ad3f000 	cl_kernels
0x000000012ad42000 	/System/Library/Frameworks/OpenCL.framework/Versions/A/Libraries/ImageFormats/unorm8_bgra.dylib
0x000000012ad33000 	cl_kernels
0x000000012ad39000 	cl_kernels
0x000000012ae7a000 	cl_kernels
0x000000012ae7d000 	/System/Library/Frameworks/OpenCL.framework/Versions/A/Libraries/ImageFormats/unorm8_argb.dylib
0x000000012b049000 	/Library/Java/JavaVirtualMachines/jdk1.8.0_05.jdk/Contents/Home/jre/lib/libprism_common.dylib
0x0000000123355000 	/Library/Java/JavaVirtualMachines/jdk1.8.0_05.jdk/Contents/Home/jre/lib/libjavafx_iio.dylib
0x0000000131430000 	/Library/Java/JavaVirtualMachines/jdk1.8.0_05.jdk/Contents/Home/jre/lib/libsunec.dylib

VM Arguments:
jvm_args: -Dfile.encoding=UTF-8 
java_command: /Users/bluewind/java8_exercises/ex_04_10/dist/run328501671/ex_04_10.jar
java_class_path (initial): /Users/bluewind/java8_exercises/ex_04_10/dist/run328501671/ex_04_10.jar
Launcher Type: SUN_STANDARD

Environment Variables:
PATH=/usr/bin:/bin:/usr/sbin:/sbin
LD_LIBRARY_PATH=/Library/Java/JavaVirtualMachines/jdk1.8.0_05.jdk/Contents/Home/jre/lib/amd64:/Library/Java/JavaVirtualMachines/jdk1.8.0_05.jdk/Contents/Home/jre/lib/i386:
SHELL=/bin/bash
DYLD_LIBRARY_PATH=/Applications/NetBeans/NetBeans 8.0.app/Contents/Resources/NetBeans/webcommon/bin:

Signal Handlers:
SIGSEGV: [libjvm.dylib+0x55f7df], sa_mask[0]=0xfffefeff, sa_flags=0x00000043
SIGBUS: [libjvm.dylib+0x55f7df], sa_mask[0]=0xfffefeff, sa_flags=0x00000042
SIGFPE: [libjvm.dylib+0x442cfa], sa_mask[0]=0xfffefeff, sa_flags=0x00000042
SIGPIPE: [libjvm.dylib+0x442cfa], sa_mask[0]=0xfffefeff, sa_flags=0x00000042
SIGXFSZ: [libjvm.dylib+0x442cfa], sa_mask[0]=0xfffefeff, sa_flags=0x00000042
SIGILL: [libjvm.dylib+0x442cfa], sa_mask[0]=0xfffefeff, sa_flags=0x00000042
SIGUSR1: SIG_DFL, sa_mask[0]=0x00000000, sa_flags=0x00000002
SIGUSR2: [libjvm.dylib+0x442818], sa_mask[0]=0x00000004, sa_flags=0x00000042
SIGHUP: [libjvm.dylib+0x440ba5], sa_mask[0]=0xfffefeff, sa_flags=0x00000042
SIGINT: SIG_IGN, sa_mask[0]=0x00000000, sa_flags=0x00000000
SIGTERM: [libjvm.dylib+0x440ba5], sa_mask[0]=0xfffefeff, sa_flags=0x00000042
SIGQUIT: [libjvm.dylib+0x440ba5], sa_mask[0]=0xfffefeff, sa_flags=0x00000042


---------------  S Y S T E M  ---------------

OS:Bsduname:Darwin 13.0.0 Darwin Kernel Version 13.0.0: Thu Sep 19 22:22:27 PDT 2013; root:xnu-2422.1.72~6/RELEASE_X86_64 x86_64
rlimit: STACK 8192k, CORE 0k, NPROC 709, NOFILE 10240, AS infinity
load average:4.10 3.26 2.91

CPU:total 4 (2 cores per cpu, 2 threads per core) family 6 model 58 stepping 9, cmov, cx8, fxsr, mmx, sse, sse2, sse3, ssse3, sse4.1, sse4.2, popcnt, avx, aes, clmul, erms, ht, tsc, tscinvbit

Memory: 4k page, physical 8388608k(173652k free)

/proc/meminfo:


vm_info: Java HotSpot(TM) 64-Bit Server VM (25.5-b02) for bsd-amd64 JRE (1.8.0_05-b13), built on Mar 18 2014 00:36:13 by "java_re" with gcc 4.2.1 (Based on Apple Inc. build 5658) (LLVM build 2336.11.00)

time: Mon Nov 24 22:10:09 2014
elapsed time: 23 seconds

